/Users/lillyazevedo/miniconda3/envs/genomeanalysis/bin/quast.py spadesout/scaffolds.fasta -o quastspades

Version: 5.3.0

System information:
  OS: macOS-11.3.1-x86_64-i386-64bit-Mach-O (macosx)
  Python version: 3.13.3
  CPUs number: 8

Started: 2025-05-11 22:48:55

Logging to /Users/lillyazevedo/Desktop/my.cutesy.bacterium/quastspades/quast.log
NOTICE: Maximum number of threads is set to 2 (use --threads option to set it manually)
WARNING: Maximum number of threads is reset to 1 to prevent the crash due to a known bug when using multi-threading in Python 3.8+ on macOS! For multi-threading please downgrade your Python to 3.7. Sorry for the inconvenience! Please find more details in https://github.com/ablab/quast/issues/175

CWD: /Users/lillyazevedo/Desktop/my.cutesy.bacterium
Main parameters: 
  MODE: default, threads: 1, min contig length: 500, min alignment length: 65, min alignment IDY: 95.0, \
  ambiguity: one, min local misassembly length: 200, min extensive misassembly length: 1000

Contigs:
  Pre-processing...
  spadesout/scaffolds.fasta ==> scaffolds

2025-05-11 22:49:02
Running Basic statistics processor...
  Contig files: 
    scaffolds
  Calculating N50 and L50...
    scaffolds, N50 = 74383, L50 = 14, auN = 84698.8, Total length = 3266544, GC % = 52.62, # N's per 100 kbp =  45.92
  Drawing Nx plot...
    saved to /Users/lillyazevedo/Desktop/my.cutesy.bacterium/quastspades/basic_stats/Nx_plot.pdf
  Drawing cumulative plot...
    saved to /Users/lillyazevedo/Desktop/my.cutesy.bacterium/quastspades/basic_stats/cumulative_plot.pdf
  Drawing GC content plot...
    saved to /Users/lillyazevedo/Desktop/my.cutesy.bacterium/quastspades/basic_stats/GC_content_plot.pdf
  Drawing scaffolds GC content plot...
    saved to /Users/lillyazevedo/Desktop/my.cutesy.bacterium/quastspades/basic_stats/scaffolds_GC_content_plot.pdf
  Drawing Coverage histogram (bin size: 2x)...
    saved to /Users/lillyazevedo/Desktop/my.cutesy.bacterium/quastspades/basic_stats/coverage_histogram.pdf
  Drawing scaffolds coverage histogram (bin size: 2x)...
    saved to /Users/lillyazevedo/Desktop/my.cutesy.bacterium/quastspades/basic_stats/scaffolds_coverage_histogram.pdf
Done.

NOTICE: Genes are not predicted by default. Use --gene-finding or --glimmer option to enable it.

2025-05-11 22:49:04
Creating large visual summaries...
This may take a while: press Ctrl-C to skip this step..
  1 of 2: Creating PDF with all tables and plots...
  2 of 2: Creating Icarus viewers...
Done

2025-05-11 22:49:04
RESULTS:
  Text versions of total report are saved to /Users/lillyazevedo/Desktop/my.cutesy.bacterium/quastspades/report.txt, report.tsv, and report.tex
  Text versions of transposed total report are saved to /Users/lillyazevedo/Desktop/my.cutesy.bacterium/quastspades/transposed_report.txt, transposed_report.tsv, and transposed_report.tex
  HTML version (interactive tables and plots) is saved to /Users/lillyazevedo/Desktop/my.cutesy.bacterium/quastspades/report.html
  PDF version (tables and plots) is saved to /Users/lillyazevedo/Desktop/my.cutesy.bacterium/quastspades/report.pdf
  Icarus (contig browser) is saved to /Users/lillyazevedo/Desktop/my.cutesy.bacterium/quastspades/icarus.html
  Log is saved to /Users/lillyazevedo/Desktop/my.cutesy.bacterium/quastspades/quast.log

Finished: 2025-05-11 22:49:04
Elapsed time: 0:00:09.108368
NOTICEs: 2; WARNINGs: 1; non-fatal ERRORs: 0

Thank you for using QUAST!
